{"asctime": "2025-02-14 22:21:50,319", "levelname": "INFO", "name": "agent_ai.fastapi.fastapi", "message": "", "phase": "startup_begin", "event": "initializing_server", "timestamp": "2025-02-14T22:21:50.319928Z", "level": "info"}
{"asctime": "2025-02-14 22:21:50,320", "levelname": "INFO", "name": "agent_ai.fastapi.fastapi", "message": "", "event": "loading_tensorflow", "timestamp": "2025-02-14T22:21:50.320348Z", "level": "info"}
{"asctime": "2025-02-14 22:21:51,432", "levelname": "INFO", "name": "agent_ai.fastapi.fastapi", "message": "", "event": "TensorFlow model loaded successfully", "timestamp": "2025-02-14T22:21:51.432157Z", "level": "info"}
{"asctime": "2025-02-14 22:21:51,432", "levelname": "INFO", "name": "agent_ai.fastapi.fastapi", "message": "", "event": "initializing_zmq", "timestamp": "2025-02-14T22:21:51.432592Z", "level": "info"}
{"asctime": "2025-02-14 22:21:51,434", "levelname": "INFO", "name": "agent_ai.fastapi.fastapi", "message": "", "status": "ready", "tensorflow": "loaded", "zmq": "connected", "event": "server_startup_complete", "timestamp": "2025-02-14T22:21:51.434132Z", "level": "info"}
{"asctime": "2025-02-14 22:21:51,435", "levelname": "INFO", "name": "agent_ai.fastapi.fastapi", "message": "", "event": "ZMQ request handler started", "timestamp": "2025-02-14T22:21:51.435100Z", "level": "info"}
{"asctime": "2025-02-14 22:26:26,546", "levelname": "INFO", "name": "agent_ai.fastapi.fastapi", "message": "", "event": "Shutting down server...", "timestamp": "2025-02-14T22:26:26.546088Z", "level": "info"}
{"asctime": "2025-02-14 22:26:26,546", "levelname": "INFO", "name": "agent_ai.zmq.zmq", "message": "", "event": "ZMQ asyncio context initialized successfully", "timestamp": "2025-02-14T22:26:26.546573Z", "level": "info"}
{"asctime": "2025-02-14 22:26:26,546", "levelname": "INFO", "name": "agent_ai.zmq.zmq", "message": "", "event": "Starting ZMQ cleanup", "timestamp": "2025-02-14T22:26:26.546924Z", "level": "info"}
{"asctime": "2025-02-14 22:26:26,547", "levelname": "INFO", "name": "agent_ai.zmq.zmq", "message": "", "event": "ZMQ cleanup completed successfully", "timestamp": "2025-02-14T22:26:26.547332Z", "level": "info"}
{"asctime": "2025-02-14 22:26:36,851", "levelname": "INFO", "name": "agent_ai.fastapi.fastapi", "message": "", "phase": "startup_begin", "event": "initializing_server", "timestamp": "2025-02-14T22:26:36.851596Z", "level": "info"}
{"asctime": "2025-02-14 22:26:36,852", "levelname": "INFO", "name": "agent_ai.fastapi.fastapi", "message": "", "event": "loading_tensorflow", "timestamp": "2025-02-14T22:26:36.852210Z", "level": "info"}
{"asctime": "2025-02-14 22:26:38,162", "levelname": "INFO", "name": "agent_ai.fastapi.fastapi", "message": "", "event": "TensorFlow model loaded successfully", "timestamp": "2025-02-14T22:26:38.162102Z", "level": "info"}
{"asctime": "2025-02-14 22:26:38,162", "levelname": "INFO", "name": "agent_ai.fastapi.fastapi", "message": "", "event": "initializing_zmq", "timestamp": "2025-02-14T22:26:38.162545Z", "level": "info"}
{"asctime": "2025-02-14 22:26:38,164", "levelname": "INFO", "name": "agent_ai.fastapi.fastapi", "message": "", "status": "ready", "tensorflow": "loaded", "zmq": "connected", "event": "server_startup_complete", "timestamp": "2025-02-14T22:26:38.164345Z", "level": "info"}
{"asctime": "2025-02-14 22:26:38,165", "levelname": "INFO", "name": "agent_ai.fastapi.fastapi", "message": "", "event": "ZMQ request handler started", "timestamp": "2025-02-14T22:26:38.165000Z", "level": "info"}
{"asctime": "2025-02-14 22:26:48,011", "levelname": "INFO", "name": "agent_ai.fastapi.fastapi", "message": "", "phase": "startup_begin", "event": "initializing_server", "timestamp": "2025-02-14T22:26:48.011524Z", "level": "info"}
{"asctime": "2025-02-14 22:26:48,012", "levelname": "INFO", "name": "agent_ai.fastapi.fastapi", "message": "", "event": "loading_tensorflow", "timestamp": "2025-02-14T22:26:48.012696Z", "level": "info"}
{"asctime": "2025-02-14 22:26:49,580", "levelname": "INFO", "name": "agent_ai.fastapi.fastapi", "message": "", "event": "TensorFlow model loaded successfully", "timestamp": "2025-02-14T22:26:49.579909Z", "level": "info"}
{"asctime": "2025-02-14 22:26:49,580", "levelname": "INFO", "name": "agent_ai.fastapi.fastapi", "message": "", "event": "initializing_zmq", "timestamp": "2025-02-14T22:26:49.580553Z", "level": "info"}
{"asctime": "2025-02-14 22:26:49,583", "levelname": "INFO", "name": "agent_ai.fastapi.fastapi", "message": "", "status": "ready", "tensorflow": "loaded", "zmq": "connected", "event": "server_startup_complete", "timestamp": "2025-02-14T22:26:49.583636Z", "level": "info"}
{"asctime": "2025-02-14 22:26:49,585", "levelname": "INFO", "name": "agent_ai.fastapi.fastapi", "message": "", "event": "ZMQ request handler started", "timestamp": "2025-02-14T22:26:49.585364Z", "level": "info"}
{"asctime": "2025-02-14 22:26:59,691", "levelname": "INFO", "name": "agent_ai.fastapi.fastapi", "message": "", "phase": "startup_begin", "event": "initializing_server", "timestamp": "2025-02-14T22:26:59.691147Z", "level": "info"}
{"asctime": "2025-02-14 22:26:59,691", "levelname": "INFO", "name": "agent_ai.fastapi.fastapi", "message": "", "event": "loading_tensorflow", "timestamp": "2025-02-14T22:26:59.691591Z", "level": "info"}
{"asctime": "2025-02-14 22:27:00,859", "levelname": "INFO", "name": "agent_ai.fastapi.fastapi", "message": "", "event": "TensorFlow model loaded successfully", "timestamp": "2025-02-14T22:27:00.859563Z", "level": "info"}
{"asctime": "2025-02-14 22:27:00,860", "levelname": "INFO", "name": "agent_ai.fastapi.fastapi", "message": "", "event": "initializing_zmq", "timestamp": "2025-02-14T22:27:00.859987Z", "level": "info"}
{"asctime": "2025-02-14 22:27:00,861", "levelname": "INFO", "name": "agent_ai.fastapi.fastapi", "message": "", "status": "ready", "tensorflow": "loaded", "zmq": "connected", "event": "server_startup_complete", "timestamp": "2025-02-14T22:27:00.861614Z", "level": "info"}
{"asctime": "2025-02-14 22:27:00,862", "levelname": "INFO", "name": "agent_ai.fastapi.fastapi", "message": "", "event": "ZMQ request handler started", "timestamp": "2025-02-14T22:27:00.862268Z", "level": "info"}
{"asctime": "2025-02-14 22:27:19,518", "levelname": "INFO", "name": "agent_ai.fastapi.fastapi", "message": "", "event": "Shutting down server...", "timestamp": "2025-02-14T22:27:19.518179Z", "level": "info"}
{"asctime": "2025-02-14 22:27:19,518", "levelname": "INFO", "name": "agent_ai.zmq.zmq", "message": "", "event": "ZMQ asyncio context initialized successfully", "timestamp": "2025-02-14T22:27:19.518699Z", "level": "info"}
{"asctime": "2025-02-14 22:27:19,518", "levelname": "INFO", "name": "agent_ai.zmq.zmq", "message": "", "event": "Starting ZMQ cleanup", "timestamp": "2025-02-14T22:27:19.518902Z", "level": "info"}
{"asctime": "2025-02-14 22:27:19,519", "levelname": "INFO", "name": "agent_ai.zmq.zmq", "message": "", "event": "ZMQ cleanup completed successfully", "timestamp": "2025-02-14T22:27:19.519110Z", "level": "info"}
{"asctime": "2025-02-14 22:27:29,405", "levelname": "INFO", "name": "agent_ai.fastapi.fastapi", "message": "", "phase": "startup_begin", "event": "initializing_server", "timestamp": "2025-02-14T22:27:29.405587Z", "level": "info"}
{"asctime": "2025-02-14 22:27:29,406", "levelname": "INFO", "name": "agent_ai.fastapi.fastapi", "message": "", "event": "loading_tensorflow", "timestamp": "2025-02-14T22:27:29.406326Z", "level": "info"}
{"asctime": "2025-02-14 22:27:30,668", "levelname": "INFO", "name": "agent_ai.fastapi.fastapi", "message": "", "event": "TensorFlow model loaded successfully", "timestamp": "2025-02-14T22:27:30.667897Z", "level": "info"}
{"asctime": "2025-02-14 22:27:30,668", "levelname": "INFO", "name": "agent_ai.fastapi.fastapi", "message": "", "event": "initializing_zmq", "timestamp": "2025-02-14T22:27:30.668436Z", "level": "info"}
{"asctime": "2025-02-14 22:27:30,670", "levelname": "INFO", "name": "agent_ai.fastapi.fastapi", "message": "", "status": "ready", "tensorflow": "loaded", "zmq": "connected", "event": "server_startup_complete", "timestamp": "2025-02-14T22:27:30.670252Z", "level": "info"}
{"asctime": "2025-02-14 22:27:30,671", "levelname": "INFO", "name": "agent_ai.fastapi.fastapi", "message": "", "event": "ZMQ request handler started", "timestamp": "2025-02-14T22:27:30.671360Z", "level": "info"}
{"asctime": "2025-02-14 22:27:34,685", "levelname": "INFO", "name": "agent_ai.fastapi.fastapi", "message": "", "event": "Shutting down server...", "timestamp": "2025-02-14T22:27:34.685093Z", "level": "info"}
{"asctime": "2025-02-14 22:27:34,685", "levelname": "INFO", "name": "agent_ai.zmq.zmq", "message": "", "event": "ZMQ asyncio context initialized successfully", "timestamp": "2025-02-14T22:27:34.685641Z", "level": "info"}
{"asctime": "2025-02-14 22:27:34,686", "levelname": "INFO", "name": "agent_ai.zmq.zmq", "message": "", "event": "Starting ZMQ cleanup", "timestamp": "2025-02-14T22:27:34.686161Z", "level": "info"}
{"asctime": "2025-02-14 22:27:34,686", "levelname": "INFO", "name": "agent_ai.zmq.zmq", "message": "", "event": "ZMQ cleanup completed successfully", "timestamp": "2025-02-14T22:27:34.686571Z", "level": "info"}
{"asctime": "2025-02-14 22:27:43,725", "levelname": "INFO", "name": "agent_ai.fastapi.fastapi", "message": "", "phase": "startup_begin", "event": "initializing_server", "timestamp": "2025-02-14T22:27:43.725395Z", "level": "info"}
{"asctime": "2025-02-14 22:27:43,725", "levelname": "INFO", "name": "agent_ai.fastapi.fastapi", "message": "", "event": "loading_tensorflow", "timestamp": "2025-02-14T22:27:43.725831Z", "level": "info"}
{"asctime": "2025-02-14 22:27:45,273", "levelname": "INFO", "name": "agent_ai.fastapi.fastapi", "message": "", "event": "TensorFlow model loaded successfully", "timestamp": "2025-02-14T22:27:45.273456Z", "level": "info"}
{"asctime": "2025-02-14 22:27:45,274", "levelname": "INFO", "name": "agent_ai.fastapi.fastapi", "message": "", "event": "initializing_zmq", "timestamp": "2025-02-14T22:27:45.274028Z", "level": "info"}
{"asctime": "2025-02-14 22:27:45,276", "levelname": "INFO", "name": "agent_ai.fastapi.fastapi", "message": "", "status": "ready", "tensorflow": "loaded", "zmq": "connected", "event": "server_startup_complete", "timestamp": "2025-02-14T22:27:45.276277Z", "level": "info"}
{"asctime": "2025-02-14 22:27:45,277", "levelname": "INFO", "name": "agent_ai.fastapi.fastapi", "message": "", "event": "ZMQ request handler started", "timestamp": "2025-02-14T22:27:45.277125Z", "level": "info"}
{"asctime": "2025-02-14 22:53:50,747", "levelname": "INFO", "name": "agent_ai.fastapi.fastapi", "message": "", "event": "Shutting down server...", "timestamp": "2025-02-14T22:53:50.746995Z", "level": "info"}
{"asctime": "2025-02-14 22:53:50,747", "levelname": "INFO", "name": "agent_ai.zmq.zmq", "message": "", "event": "ZMQ asyncio context initialized successfully", "timestamp": "2025-02-14T22:53:50.747744Z", "level": "info"}
{"asctime": "2025-02-14 22:53:50,748", "levelname": "INFO", "name": "agent_ai.zmq.zmq", "message": "", "event": "Starting ZMQ cleanup", "timestamp": "2025-02-14T22:53:50.748069Z", "level": "info"}
{"asctime": "2025-02-14 22:53:50,748", "levelname": "INFO", "name": "agent_ai.zmq.zmq", "message": "", "event": "ZMQ cleanup completed successfully", "timestamp": "2025-02-14T22:53:50.748354Z", "level": "info"}
{"asctime": "2025-02-14 22:55:34,766", "levelname": "INFO", "name": "agent_ai.fastapi.fastapi", "message": "", "phase": "startup_begin", "event": "initializing_server", "timestamp": "2025-02-14T22:55:34.766583Z", "level": "info"}
{"asctime": "2025-02-14 22:55:34,767", "levelname": "INFO", "name": "agent_ai.fastapi.fastapi", "message": "", "event": "loading_tensorflow", "timestamp": "2025-02-14T22:55:34.766981Z", "level": "info"}
{"asctime": "2025-02-14 22:55:36,264", "levelname": "INFO", "name": "agent_ai.fastapi.fastapi", "message": "", "event": "TensorFlow model loaded successfully", "timestamp": "2025-02-14T22:55:36.264471Z", "level": "info"}
{"asctime": "2025-02-14 22:55:36,265", "levelname": "INFO", "name": "agent_ai.fastapi.fastapi", "message": "", "event": "initializing_zmq", "timestamp": "2025-02-14T22:55:36.265014Z", "level": "info"}
{"asctime": "2025-02-14 22:55:36,266", "levelname": "INFO", "name": "agent_ai.fastapi.fastapi", "message": "", "status": "ready", "tensorflow": "loaded", "zmq": "connected", "event": "server_startup_complete", "timestamp": "2025-02-14T22:55:36.266803Z", "level": "info"}
{"asctime": "2025-02-14 22:55:36,267", "levelname": "INFO", "name": "agent_ai.fastapi.fastapi", "message": "", "event": "ZMQ request handler started", "timestamp": "2025-02-14T22:55:36.267617Z", "level": "info"}
{"asctime": "2025-02-14 22:58:48,816", "levelname": "INFO", "name": "agent_ai.fastapi.fastapi", "message": "", "event": "Shutting down server...", "timestamp": "2025-02-14T22:58:48.816161Z", "level": "info"}
{"asctime": "2025-02-14 22:58:48,816", "levelname": "INFO", "name": "agent_ai.zmq.zmq", "message": "", "event": "ZMQ asyncio context initialized successfully", "timestamp": "2025-02-14T22:58:48.816743Z", "level": "info"}
{"asctime": "2025-02-14 22:58:48,817", "levelname": "INFO", "name": "agent_ai.zmq.zmq", "message": "", "event": "Starting ZMQ cleanup", "timestamp": "2025-02-14T22:58:48.817067Z", "level": "info"}
{"asctime": "2025-02-14 22:58:48,817", "levelname": "INFO", "name": "agent_ai.zmq.zmq", "message": "", "event": "ZMQ cleanup completed successfully", "timestamp": "2025-02-14T22:58:48.817381Z", "level": "info"}
{"asctime": "2025-02-14 22:58:58,366", "levelname": "INFO", "name": "agent_ai.fastapi.fastapi", "message": "", "phase": "startup_begin", "event": "initializing_server", "timestamp": "2025-02-14T22:58:58.366598Z", "level": "info"}
{"asctime": "2025-02-14 22:58:58,367", "levelname": "INFO", "name": "agent_ai.fastapi.fastapi", "message": "", "event": "loading_tensorflow", "timestamp": "2025-02-14T22:58:58.367067Z", "level": "info"}
{"asctime": "2025-02-14 22:58:59,987", "levelname": "INFO", "name": "agent_ai.fastapi.fastapi", "message": "", "event": "TensorFlow model loaded successfully", "timestamp": "2025-02-14T22:58:59.987655Z", "level": "info"}
{"asctime": "2025-02-14 22:58:59,988", "levelname": "INFO", "name": "agent_ai.fastapi.fastapi", "message": "", "event": "initializing_zmq", "timestamp": "2025-02-14T22:58:59.988123Z", "level": "info"}
{"asctime": "2025-02-14 22:58:59,992", "levelname": "INFO", "name": "agent_ai.fastapi.fastapi", "message": "", "status": "ready", "tensorflow": "loaded", "zmq": "connected", "event": "server_startup_complete", "timestamp": "2025-02-14T22:58:59.992183Z", "level": "info"}
{"asctime": "2025-02-14 22:58:59,993", "levelname": "INFO", "name": "agent_ai.fastapi.fastapi", "message": "", "event": "ZMQ request handler started", "timestamp": "2025-02-14T22:58:59.993306Z", "level": "info"}
{"asctime": "2025-02-14 22:59:03,705", "levelname": "INFO", "name": "agent_ai.fastapi.fastapi", "message": "", "event": "Shutting down server...", "timestamp": "2025-02-14T22:59:03.705806Z", "level": "info"}
{"asctime": "2025-02-14 22:59:03,706", "levelname": "INFO", "name": "agent_ai.zmq.zmq", "message": "", "event": "ZMQ asyncio context initialized successfully", "timestamp": "2025-02-14T22:59:03.706445Z", "level": "info"}
{"asctime": "2025-02-14 22:59:03,706", "levelname": "INFO", "name": "agent_ai.zmq.zmq", "message": "", "event": "Starting ZMQ cleanup", "timestamp": "2025-02-14T22:59:03.706808Z", "level": "info"}
{"asctime": "2025-02-14 22:59:03,707", "levelname": "INFO", "name": "agent_ai.zmq.zmq", "message": "", "event": "ZMQ cleanup completed successfully", "timestamp": "2025-02-14T22:59:03.707113Z", "level": "info"}
{"asctime": "2025-02-14 22:59:13,171", "levelname": "INFO", "name": "agent_ai.fastapi.fastapi", "message": "", "phase": "startup_begin", "event": "initializing_server", "timestamp": "2025-02-14T22:59:13.171529Z", "level": "info"}
{"asctime": "2025-02-14 22:59:13,172", "levelname": "INFO", "name": "agent_ai.fastapi.fastapi", "message": "", "event": "loading_tensorflow", "timestamp": "2025-02-14T22:59:13.172588Z", "level": "info"}
{"asctime": "2025-02-14 22:59:14,605", "levelname": "INFO", "name": "agent_ai.fastapi.fastapi", "message": "", "event": "TensorFlow model loaded successfully", "timestamp": "2025-02-14T22:59:14.605868Z", "level": "info"}
{"asctime": "2025-02-14 22:59:14,606", "levelname": "INFO", "name": "agent_ai.fastapi.fastapi", "message": "", "event": "initializing_zmq", "timestamp": "2025-02-14T22:59:14.606295Z", "level": "info"}
{"asctime": "2025-02-14 22:59:14,608", "levelname": "INFO", "name": "agent_ai.fastapi.fastapi", "message": "", "status": "ready", "tensorflow": "loaded", "zmq": "connected", "event": "server_startup_complete", "timestamp": "2025-02-14T22:59:14.607956Z", "level": "info"}
{"asctime": "2025-02-14 22:59:14,609", "levelname": "INFO", "name": "agent_ai.fastapi.fastapi", "message": "", "event": "ZMQ request handler started", "timestamp": "2025-02-14T22:59:14.609596Z", "level": "info"}
{"asctime": "2025-02-14 22:59:17,420", "levelname": "INFO", "name": "agent_ai.fastapi.fastapi", "message": "", "event": "Shutting down server...", "timestamp": "2025-02-14T22:59:17.419961Z", "level": "info"}
{"asctime": "2025-02-14 22:59:17,420", "levelname": "INFO", "name": "agent_ai.zmq.zmq", "message": "", "event": "ZMQ asyncio context initialized successfully", "timestamp": "2025-02-14T22:59:17.420420Z", "level": "info"}
{"asctime": "2025-02-14 22:59:17,420", "levelname": "INFO", "name": "agent_ai.zmq.zmq", "message": "", "event": "Starting ZMQ cleanup", "timestamp": "2025-02-14T22:59:17.420628Z", "level": "info"}
{"asctime": "2025-02-14 22:59:17,420", "levelname": "INFO", "name": "agent_ai.zmq.zmq", "message": "", "event": "ZMQ cleanup completed successfully", "timestamp": "2025-02-14T22:59:17.420926Z", "level": "info"}
{"asctime": "2025-02-14 23:01:47,721", "levelname": "INFO", "name": "agent_ai.fastapi.fastapi", "message": "", "phase": "startup_begin", "event": "initializing_server", "timestamp": "2025-02-14T23:01:47.721338Z", "level": "info"}
{"asctime": "2025-02-14 23:01:47,721", "levelname": "INFO", "name": "agent_ai.fastapi.fastapi", "message": "", "event": "loading_tensorflow", "timestamp": "2025-02-14T23:01:47.721896Z", "level": "info"}
{"asctime": "2025-02-14 23:01:49,158", "levelname": "INFO", "name": "agent_ai.fastapi.fastapi", "message": "", "event": "TensorFlow model loaded successfully", "timestamp": "2025-02-14T23:01:49.158840Z", "level": "info"}
{"asctime": "2025-02-14 23:01:49,159", "levelname": "INFO", "name": "agent_ai.fastapi.fastapi", "message": "", "event": "initializing_zmq", "timestamp": "2025-02-14T23:01:49.159272Z", "level": "info"}
{"asctime": "2025-02-14 23:01:49,161", "levelname": "INFO", "name": "agent_ai.fastapi.fastapi", "message": "", "status": "ready", "tensorflow": "loaded", "zmq": "connected", "event": "server_startup_complete", "timestamp": "2025-02-14T23:01:49.161745Z", "level": "info"}
{"asctime": "2025-02-14 23:01:49,162", "levelname": "INFO", "name": "agent_ai.fastapi.fastapi", "message": "", "event": "ZMQ request handler started", "timestamp": "2025-02-14T23:01:49.162623Z", "level": "info"}
{"asctime": "2025-02-14 23:04:23,791", "levelname": "INFO", "name": "agent_ai.fastapi.fastapi", "message": "", "event": "Shutting down server...", "timestamp": "2025-02-14T23:04:23.790972Z", "level": "info"}
{"asctime": "2025-02-14 23:04:23,791", "levelname": "INFO", "name": "agent_ai.zmq.zmq", "message": "", "event": "ZMQ asyncio context initialized successfully", "timestamp": "2025-02-14T23:04:23.791434Z", "level": "info"}
{"asctime": "2025-02-14 23:04:23,791", "levelname": "INFO", "name": "agent_ai.zmq.zmq", "message": "", "event": "Starting ZMQ cleanup", "timestamp": "2025-02-14T23:04:23.791695Z", "level": "info"}
{"asctime": "2025-02-14 23:04:23,791", "levelname": "INFO", "name": "agent_ai.zmq.zmq", "message": "", "event": "ZMQ cleanup completed successfully", "timestamp": "2025-02-14T23:04:23.791922Z", "level": "info"}
{"asctime": "2025-02-14 23:04:33,040", "levelname": "INFO", "name": "agent_ai.fastapi.fastapi", "message": "", "phase": "startup_begin", "event": "initializing_server", "timestamp": "2025-02-14T23:04:33.040091Z", "level": "info"}
{"asctime": "2025-02-14 23:04:33,040", "levelname": "INFO", "name": "agent_ai.fastapi.fastapi", "message": "", "event": "loading_tensorflow", "timestamp": "2025-02-14T23:04:33.040847Z", "level": "info"}
{"asctime": "2025-02-14 23:04:34,799", "levelname": "INFO", "name": "agent_ai.fastapi.fastapi", "message": "", "event": "TensorFlow model loaded successfully", "timestamp": "2025-02-14T23:04:34.799152Z", "level": "info"}
{"asctime": "2025-02-14 23:04:34,799", "levelname": "INFO", "name": "agent_ai.fastapi.fastapi", "message": "", "event": "initializing_zmq", "timestamp": "2025-02-14T23:04:34.799759Z", "level": "info"}
{"asctime": "2025-02-14 23:04:34,801", "levelname": "INFO", "name": "agent_ai.fastapi.fastapi", "message": "", "status": "ready", "tensorflow": "loaded", "zmq": "connected", "event": "server_startup_complete", "timestamp": "2025-02-14T23:04:34.801811Z", "level": "info"}
{"asctime": "2025-02-14 23:04:34,802", "levelname": "INFO", "name": "agent_ai.fastapi.fastapi", "message": "", "event": "ZMQ request handler started", "timestamp": "2025-02-14T23:04:34.802577Z", "level": "info"}
{"asctime": "2025-02-14 23:04:44,967", "levelname": "INFO", "name": "agent_ai.fastapi.fastapi", "message": "", "phase": "startup_begin", "event": "initializing_server", "timestamp": "2025-02-14T23:04:44.967540Z", "level": "info"}
{"asctime": "2025-02-14 23:04:44,969", "levelname": "INFO", "name": "agent_ai.fastapi.fastapi", "message": "", "event": "loading_tensorflow", "timestamp": "2025-02-14T23:04:44.968477Z", "level": "info"}
{"asctime": "2025-02-14 23:04:46,456", "levelname": "INFO", "name": "agent_ai.fastapi.fastapi", "message": "", "event": "TensorFlow model loaded successfully", "timestamp": "2025-02-14T23:04:46.456595Z", "level": "info"}
{"asctime": "2025-02-14 23:04:46,457", "levelname": "INFO", "name": "agent_ai.fastapi.fastapi", "message": "", "event": "initializing_zmq", "timestamp": "2025-02-14T23:04:46.457104Z", "level": "info"}
{"asctime": "2025-02-14 23:04:46,459", "levelname": "INFO", "name": "agent_ai.fastapi.fastapi", "message": "", "status": "ready", "tensorflow": "loaded", "zmq": "connected", "event": "server_startup_complete", "timestamp": "2025-02-14T23:04:46.458985Z", "level": "info"}
{"asctime": "2025-02-14 23:04:46,460", "levelname": "INFO", "name": "agent_ai.fastapi.fastapi", "message": "", "event": "ZMQ request handler started", "timestamp": "2025-02-14T23:04:46.460125Z", "level": "info"}
{"asctime": "2025-02-14 23:05:16,545", "levelname": "INFO", "name": "agent_ai.fastapi.fastapi", "message": "", "event": "Shutting down server...", "timestamp": "2025-02-14T23:05:16.545663Z", "level": "info"}
{"asctime": "2025-02-14 23:05:16,546", "levelname": "INFO", "name": "agent_ai.zmq.zmq", "message": "", "event": "ZMQ asyncio context initialized successfully", "timestamp": "2025-02-14T23:05:16.546173Z", "level": "info"}
{"asctime": "2025-02-14 23:05:16,546", "levelname": "INFO", "name": "agent_ai.zmq.zmq", "message": "", "event": "Starting ZMQ cleanup", "timestamp": "2025-02-14T23:05:16.546539Z", "level": "info"}
{"asctime": "2025-02-14 23:05:16,546", "levelname": "INFO", "name": "agent_ai.zmq.zmq", "message": "", "event": "ZMQ cleanup completed successfully", "timestamp": "2025-02-14T23:05:16.546887Z", "level": "info"}
{"asctime": "2025-02-14 23:05:25,606", "levelname": "INFO", "name": "agent_ai.fastapi.fastapi", "message": "", "phase": "startup_begin", "event": "initializing_server", "timestamp": "2025-02-14T23:05:25.606591Z", "level": "info"}
{"asctime": "2025-02-14 23:05:25,607", "levelname": "INFO", "name": "agent_ai.fastapi.fastapi", "message": "", "event": "loading_tensorflow", "timestamp": "2025-02-14T23:05:25.607460Z", "level": "info"}
{"asctime": "2025-02-14 23:05:25,610", "levelname": "INFO", "name": "agent_ai.fastapi.fastapi", "message": "", "event": "No GPU devices found, using CPU", "timestamp": "2025-02-14T23:05:25.610451Z", "level": "info"}
{"asctime": "2025-02-14 23:05:25,624", "levelname": "ERROR", "name": "agent_ai.fastapi.fastapi", "message": "", "event": "Failed to load MobileNetV2: MobileNetV2() got an unexpected keyword argument 'data_format'", "timestamp": "2025-02-14T23:05:25.624202Z", "level": "error"}
{"asctime": "2025-02-14 23:05:25,630", "levelname": "WARNING", "name": "agent_ai.fastapi.fastapi", "message": "", "event": "Loaded fallback model", "timestamp": "2025-02-14T23:05:25.630426Z", "level": "warning"}
{"asctime": "2025-02-14 23:05:25,634", "levelname": "INFO", "name": "agent_ai.fastapi.fastapi", "message": "", "event": "initializing_zmq", "timestamp": "2025-02-14T23:05:25.634398Z", "level": "info"}
{"asctime": "2025-02-14 23:05:25,636", "levelname": "INFO", "name": "agent_ai.fastapi.fastapi", "message": "", "status": "ready", "tensorflow": "loaded", "zmq": "connected", "event": "server_startup_complete", "timestamp": "2025-02-14T23:05:25.636530Z", "level": "info"}
{"asctime": "2025-02-14 23:05:25,637", "levelname": "INFO", "name": "agent_ai.fastapi.fastapi", "message": "", "event": "ZMQ request handler started", "timestamp": "2025-02-14T23:05:25.637007Z", "level": "info"}
{"asctime": "2025-02-14 23:05:34,672", "levelname": "INFO", "name": "agent_ai.fastapi.fastapi", "message": "", "phase": "startup_begin", "event": "initializing_server", "timestamp": "2025-02-14T23:05:34.672730Z", "level": "info"}
{"asctime": "2025-02-14 23:05:34,673", "levelname": "INFO", "name": "agent_ai.fastapi.fastapi", "message": "", "event": "loading_tensorflow", "timestamp": "2025-02-14T23:05:34.673259Z", "level": "info"}
{"asctime": "2025-02-14 23:05:34,675", "levelname": "INFO", "name": "agent_ai.fastapi.fastapi", "message": "", "event": "No GPU devices found, using CPU", "timestamp": "2025-02-14T23:05:34.675705Z", "level": "info"}
{"asctime": "2025-02-14 23:05:34,683", "levelname": "ERROR", "name": "agent_ai.fastapi.fastapi", "message": "", "event": "Failed to load MobileNetV2: MobileNetV2() got an unexpected keyword argument 'data_format'", "timestamp": "2025-02-14T23:05:34.683294Z", "level": "error"}
{"asctime": "2025-02-14 23:05:34,686", "levelname": "WARNING", "name": "agent_ai.fastapi.fastapi", "message": "", "event": "Loaded fallback model", "timestamp": "2025-02-14T23:05:34.686119Z", "level": "warning"}
{"asctime": "2025-02-14 23:05:34,686", "levelname": "INFO", "name": "agent_ai.fastapi.fastapi", "message": "", "event": "initializing_zmq", "timestamp": "2025-02-14T23:05:34.686465Z", "level": "info"}
{"asctime": "2025-02-14 23:05:34,689", "levelname": "INFO", "name": "agent_ai.fastapi.fastapi", "message": "", "status": "ready", "tensorflow": "loaded", "zmq": "connected", "event": "server_startup_complete", "timestamp": "2025-02-14T23:05:34.689033Z", "level": "info"}
{"asctime": "2025-02-14 23:05:34,689", "levelname": "INFO", "name": "agent_ai.fastapi.fastapi", "message": "", "event": "ZMQ request handler started", "timestamp": "2025-02-14T23:05:34.689828Z", "level": "info"}
{"asctime": "2025-02-14 23:05:54,345", "levelname": "INFO", "name": "agent_ai.fastapi.fastapi", "message": "", "event": "Shutting down server...", "timestamp": "2025-02-14T23:05:54.345347Z", "level": "info"}
{"asctime": "2025-02-14 23:05:54,345", "levelname": "INFO", "name": "agent_ai.zmq.zmq", "message": "", "event": "ZMQ asyncio context initialized successfully", "timestamp": "2025-02-14T23:05:54.345919Z", "level": "info"}
{"asctime": "2025-02-14 23:05:54,346", "levelname": "INFO", "name": "agent_ai.zmq.zmq", "message": "", "event": "Starting ZMQ cleanup", "timestamp": "2025-02-14T23:05:54.346126Z", "level": "info"}
{"asctime": "2025-02-14 23:05:54,346", "levelname": "INFO", "name": "agent_ai.zmq.zmq", "message": "", "event": "ZMQ cleanup completed successfully", "timestamp": "2025-02-14T23:05:54.346344Z", "level": "info"}
{"asctime": "2025-02-14 23:06:14,169", "levelname": "INFO", "name": "agent_ai.fastapi.fastapi", "message": "", "phase": "startup_begin", "event": "initializing_server", "timestamp": "2025-02-14T23:06:14.169070Z", "level": "info"}
{"asctime": "2025-02-14 23:06:14,169", "levelname": "INFO", "name": "agent_ai.fastapi.fastapi", "message": "", "event": "loading_tensorflow", "timestamp": "2025-02-14T23:06:14.169772Z", "level": "info"}
{"asctime": "2025-02-14 23:06:14,174", "levelname": "INFO", "name": "agent_ai.fastapi.fastapi", "message": "", "event": "No GPU devices found, using CPU", "timestamp": "2025-02-14T23:06:14.173908Z", "level": "info"}
{"asctime": "2025-02-14 23:06:14,185", "levelname": "ERROR", "name": "agent_ai.fastapi.fastapi", "message": "", "event": "Failed to load MobileNetV2: MobileNetV2() got an unexpected keyword argument 'data_format'", "timestamp": "2025-02-14T23:06:14.185263Z", "level": "error"}
{"asctime": "2025-02-14 23:06:14,189", "levelname": "WARNING", "name": "agent_ai.fastapi.fastapi", "message": "", "event": "Loaded fallback model", "timestamp": "2025-02-14T23:06:14.189856Z", "level": "warning"}
{"asctime": "2025-02-14 23:06:14,190", "levelname": "INFO", "name": "agent_ai.fastapi.fastapi", "message": "", "event": "initializing_zmq", "timestamp": "2025-02-14T23:06:14.190382Z", "level": "info"}
{"asctime": "2025-02-14 23:06:14,192", "levelname": "INFO", "name": "agent_ai.fastapi.fastapi", "message": "", "status": "ready", "tensorflow": "loaded", "zmq": "connected", "event": "server_startup_complete", "timestamp": "2025-02-14T23:06:14.192147Z", "level": "info"}
{"asctime": "2025-02-14 23:06:14,192", "levelname": "INFO", "name": "agent_ai.fastapi.fastapi", "message": "", "event": "ZMQ request handler started", "timestamp": "2025-02-14T23:06:14.192770Z", "level": "info"}
{"asctime": "2025-02-14 23:06:22,831", "levelname": "INFO", "name": "agent_ai.fastapi.fastapi", "message": "", "phase": "startup_begin", "event": "initializing_server", "timestamp": "2025-02-14T23:06:22.831816Z", "level": "info"}
{"asctime": "2025-02-14 23:06:22,832", "levelname": "INFO", "name": "agent_ai.fastapi.fastapi", "message": "", "event": "loading_tensorflow", "timestamp": "2025-02-14T23:06:22.832314Z", "level": "info"}
{"asctime": "2025-02-14 23:06:24,185", "levelname": "INFO", "name": "agent_ai.fastapi.fastapi", "message": "", "event": "TensorFlow model loaded successfully", "timestamp": "2025-02-14T23:06:24.185456Z", "level": "info"}
{"asctime": "2025-02-14 23:06:24,185", "levelname": "INFO", "name": "agent_ai.fastapi.fastapi", "message": "", "event": "initializing_zmq", "timestamp": "2025-02-14T23:06:24.185903Z", "level": "info"}
{"asctime": "2025-02-14 23:06:24,188", "levelname": "INFO", "name": "agent_ai.fastapi.fastapi", "message": "", "status": "ready", "tensorflow": "loaded", "zmq": "connected", "event": "server_startup_complete", "timestamp": "2025-02-14T23:06:24.188090Z", "level": "info"}
{"asctime": "2025-02-14 23:06:24,188", "levelname": "INFO", "name": "agent_ai.fastapi.fastapi", "message": "", "event": "ZMQ request handler started", "timestamp": "2025-02-14T23:06:24.188863Z", "level": "info"}
{"asctime": "2025-02-14 23:06:32,621", "levelname": "INFO", "name": "agent_ai.fastapi.fastapi", "message": "", "phase": "startup_begin", "event": "initializing_server", "timestamp": "2025-02-14T23:06:32.621787Z", "level": "info"}
{"asctime": "2025-02-14 23:06:32,622", "levelname": "INFO", "name": "agent_ai.fastapi.fastapi", "message": "", "event": "loading_tensorflow", "timestamp": "2025-02-14T23:06:32.622351Z", "level": "info"}
{"asctime": "2025-02-14 23:06:33,980", "levelname": "INFO", "name": "agent_ai.fastapi.fastapi", "message": "", "event": "TensorFlow model loaded successfully", "timestamp": "2025-02-14T23:06:33.980379Z", "level": "info"}
{"asctime": "2025-02-14 23:06:33,980", "levelname": "INFO", "name": "agent_ai.fastapi.fastapi", "message": "", "event": "initializing_zmq", "timestamp": "2025-02-14T23:06:33.980842Z", "level": "info"}
{"asctime": "2025-02-14 23:06:33,982", "levelname": "INFO", "name": "agent_ai.fastapi.fastapi", "message": "", "status": "ready", "tensorflow": "loaded", "zmq": "connected", "event": "server_startup_complete", "timestamp": "2025-02-14T23:06:33.982353Z", "level": "info"}
{"asctime": "2025-02-14 23:06:33,983", "levelname": "INFO", "name": "agent_ai.fastapi.fastapi", "message": "", "event": "ZMQ request handler started", "timestamp": "2025-02-14T23:06:33.983075Z", "level": "info"}
{"asctime": "2025-02-14 23:06:42,606", "levelname": "INFO", "name": "agent_ai.fastapi.fastapi", "message": "", "event": "Shutting down server...", "timestamp": "2025-02-14T23:06:42.606853Z", "level": "info"}
{"asctime": "2025-02-14 23:06:42,607", "levelname": "INFO", "name": "agent_ai.zmq.zmq", "message": "", "event": "ZMQ asyncio context initialized successfully", "timestamp": "2025-02-14T23:06:42.607374Z", "level": "info"}
{"asctime": "2025-02-14 23:06:42,607", "levelname": "INFO", "name": "agent_ai.zmq.zmq", "message": "", "event": "Starting ZMQ cleanup", "timestamp": "2025-02-14T23:06:42.607656Z", "level": "info"}
{"asctime": "2025-02-14 23:06:42,608", "levelname": "INFO", "name": "agent_ai.zmq.zmq", "message": "", "event": "ZMQ cleanup completed successfully", "timestamp": "2025-02-14T23:06:42.607973Z", "level": "info"}
{"asctime": "2025-02-14 23:07:01,702", "levelname": "INFO", "name": "agent_ai.fastapi.fastapi", "message": "", "phase": "startup_begin", "event": "initializing_server", "timestamp": "2025-02-14T23:07:01.702450Z", "level": "info"}
{"asctime": "2025-02-14 23:07:01,702", "levelname": "INFO", "name": "agent_ai.fastapi.fastapi", "message": "", "event": "loading_tensorflow", "timestamp": "2025-02-14T23:07:01.702902Z", "level": "info"}
{"asctime": "2025-02-14 23:07:02,983", "levelname": "INFO", "name": "agent_ai.fastapi.fastapi", "message": "", "event": "TensorFlow model loaded successfully", "timestamp": "2025-02-14T23:07:02.983676Z", "level": "info"}
{"asctime": "2025-02-14 23:07:02,984", "levelname": "INFO", "name": "agent_ai.fastapi.fastapi", "message": "", "event": "initializing_zmq", "timestamp": "2025-02-14T23:07:02.984092Z", "level": "info"}
{"asctime": "2025-02-14 23:07:02,985", "levelname": "INFO", "name": "agent_ai.fastapi.fastapi", "message": "", "status": "ready", "tensorflow": "loaded", "zmq": "connected", "event": "server_startup_complete", "timestamp": "2025-02-14T23:07:02.985356Z", "level": "info"}
{"asctime": "2025-02-14 23:07:02,986", "levelname": "INFO", "name": "agent_ai.fastapi.fastapi", "message": "", "event": "ZMQ request handler started", "timestamp": "2025-02-14T23:07:02.985861Z", "level": "info"}
{"asctime": "2025-02-14 23:17:27,218", "levelname": "INFO", "name": "agent_ai.fastapi.fastapi", "message": "", "event": "Shutting down server...", "timestamp": "2025-02-14T23:17:27.218652Z", "level": "info"}
{"asctime": "2025-02-14 23:17:27,219", "levelname": "INFO", "name": "agent_ai.zmq.zmq", "message": "", "event": "ZMQ asyncio context initialized successfully", "timestamp": "2025-02-14T23:17:27.219270Z", "level": "info"}
{"asctime": "2025-02-14 23:17:27,219", "levelname": "INFO", "name": "agent_ai.zmq.zmq", "message": "", "event": "Starting ZMQ cleanup", "timestamp": "2025-02-14T23:17:27.219487Z", "level": "info"}
{"asctime": "2025-02-14 23:17:27,219", "levelname": "INFO", "name": "agent_ai.zmq.zmq", "message": "", "event": "ZMQ cleanup completed successfully", "timestamp": "2025-02-14T23:17:27.219771Z", "level": "info"}
{"asctime": "2025-02-14 23:17:36,893", "levelname": "INFO", "name": "agent_ai.fastapi.fastapi", "message": "", "phase": "startup_begin", "event": "initializing_server", "timestamp": "2025-02-14T23:17:36.893473Z", "level": "info"}
{"asctime": "2025-02-14 23:17:36,894", "levelname": "INFO", "name": "agent_ai.fastapi.fastapi", "message": "", "event": "loading_tensorflow", "timestamp": "2025-02-14T23:17:36.894044Z", "level": "info"}
{"asctime": "2025-02-14 23:17:38,594", "levelname": "INFO", "name": "agent_ai.fastapi.fastapi", "message": "", "event": "TensorFlow model loaded successfully", "timestamp": "2025-02-14T23:17:38.594742Z", "level": "info"}
{"asctime": "2025-02-14 23:17:38,595", "levelname": "INFO", "name": "agent_ai.fastapi.fastapi", "message": "", "event": "initializing_zmq", "timestamp": "2025-02-14T23:17:38.595188Z", "level": "info"}
{"asctime": "2025-02-14 23:17:38,598", "levelname": "INFO", "name": "agent_ai.fastapi.fastapi", "message": "", "status": "ready", "tensorflow": "loaded", "zmq": "connected", "event": "server_startup_complete", "timestamp": "2025-02-14T23:17:38.597865Z", "level": "info"}
{"asctime": "2025-02-14 23:17:38,598", "levelname": "INFO", "name": "agent_ai.fastapi.fastapi", "message": "", "event": "ZMQ request handler started", "timestamp": "2025-02-14T23:17:38.598737Z", "level": "info"}
{"asctime": "2025-02-14 23:17:47,807", "levelname": "INFO", "name": "agent_ai.fastapi.fastapi", "message": "", "phase": "startup_begin", "event": "initializing_server", "timestamp": "2025-02-14T23:17:47.807152Z", "level": "info"}
{"asctime": "2025-02-14 23:17:47,807", "levelname": "INFO", "name": "agent_ai.fastapi.fastapi", "message": "", "event": "loading_tensorflow", "timestamp": "2025-02-14T23:17:47.807853Z", "level": "info"}
{"asctime": "2025-02-14 23:17:49,138", "levelname": "INFO", "name": "agent_ai.fastapi.fastapi", "message": "", "event": "TensorFlow model loaded successfully", "timestamp": "2025-02-14T23:17:49.138631Z", "level": "info"}
{"asctime": "2025-02-14 23:17:49,139", "levelname": "INFO", "name": "agent_ai.fastapi.fastapi", "message": "", "event": "initializing_zmq", "timestamp": "2025-02-14T23:17:49.139073Z", "level": "info"}
{"asctime": "2025-02-14 23:17:49,141", "levelname": "INFO", "name": "agent_ai.fastapi.fastapi", "message": "", "status": "ready", "tensorflow": "loaded", "zmq": "connected", "event": "server_startup_complete", "timestamp": "2025-02-14T23:17:49.141522Z", "level": "info"}
{"asctime": "2025-02-14 23:17:49,142", "levelname": "INFO", "name": "agent_ai.fastapi.fastapi", "message": "", "event": "ZMQ request handler started", "timestamp": "2025-02-14T23:17:49.142173Z", "level": "info"}
{"asctime": "2025-02-14 23:17:57,622", "levelname": "INFO", "name": "agent_ai.fastapi.fastapi", "message": "", "phase": "startup_begin", "event": "initializing_server", "timestamp": "2025-02-14T23:17:57.622907Z", "level": "info"}
{"asctime": "2025-02-14 23:17:57,623", "levelname": "INFO", "name": "agent_ai.fastapi.fastapi", "message": "", "event": "loading_tensorflow", "timestamp": "2025-02-14T23:17:57.623348Z", "level": "info"}
{"asctime": "2025-02-14 23:17:59,129", "levelname": "INFO", "name": "agent_ai.fastapi.fastapi", "message": "", "event": "TensorFlow model loaded successfully", "timestamp": "2025-02-14T23:17:59.128919Z", "level": "info"}
{"asctime": "2025-02-14 23:17:59,129", "levelname": "INFO", "name": "agent_ai.fastapi.fastapi", "message": "", "event": "initializing_zmq", "timestamp": "2025-02-14T23:17:59.129447Z", "level": "info"}
{"asctime": "2025-02-14 23:17:59,131", "levelname": "INFO", "name": "agent_ai.fastapi.fastapi", "message": "", "status": "ready", "tensorflow": "loaded", "zmq": "connected", "event": "server_startup_complete", "timestamp": "2025-02-14T23:17:59.131492Z", "level": "info"}
{"asctime": "2025-02-14 23:17:59,132", "levelname": "INFO", "name": "agent_ai.fastapi.fastapi", "message": "", "event": "ZMQ request handler started", "timestamp": "2025-02-14T23:17:59.132260Z", "level": "info"}
{"asctime": "2025-02-14 23:20:40,599", "levelname": "INFO", "name": "agent_ai.fastapi.fastapi", "message": "", "event": "Shutting down server...", "timestamp": "2025-02-14T23:20:40.599742Z", "level": "info"}
{"asctime": "2025-02-14 23:20:40,600", "levelname": "INFO", "name": "agent_ai.zmq.zmq", "message": "", "event": "ZMQ asyncio context initialized successfully", "timestamp": "2025-02-14T23:20:40.600285Z", "level": "info"}
{"asctime": "2025-02-14 23:20:40,600", "levelname": "INFO", "name": "agent_ai.zmq.zmq", "message": "", "event": "Starting ZMQ cleanup", "timestamp": "2025-02-14T23:20:40.600544Z", "level": "info"}
{"asctime": "2025-02-14 23:20:40,600", "levelname": "INFO", "name": "agent_ai.zmq.zmq", "message": "", "event": "ZMQ cleanup completed successfully", "timestamp": "2025-02-14T23:20:40.600858Z", "level": "info"}
{"asctime": "2025-02-14 23:20:49,867", "levelname": "INFO", "name": "agent_ai.fastapi.fastapi", "message": "", "phase": "startup_begin", "event": "initializing_server", "timestamp": "2025-02-14T23:20:49.867374Z", "level": "info"}
{"asctime": "2025-02-14 23:20:49,867", "levelname": "INFO", "name": "agent_ai.fastapi.fastapi", "message": "", "event": "loading_tensorflow", "timestamp": "2025-02-14T23:20:49.867925Z", "level": "info"}
{"asctime": "2025-02-14 23:20:51,172", "levelname": "INFO", "name": "agent_ai.fastapi.fastapi", "message": "", "event": "TensorFlow model loaded successfully", "timestamp": "2025-02-14T23:20:51.171993Z", "level": "info"}
{"asctime": "2025-02-14 23:20:51,172", "levelname": "INFO", "name": "agent_ai.fastapi.fastapi", "message": "", "event": "initializing_zmq", "timestamp": "2025-02-14T23:20:51.172436Z", "level": "info"}
{"asctime": "2025-02-14 23:20:51,173", "levelname": "INFO", "name": "agent_ai.fastapi.fastapi", "message": "", "status": "ready", "tensorflow": "loaded", "zmq": "connected", "event": "server_startup_complete", "timestamp": "2025-02-14T23:20:51.173904Z", "level": "info"}
{"asctime": "2025-02-14 23:20:51,174", "levelname": "INFO", "name": "agent_ai.fastapi.fastapi", "message": "", "event": "ZMQ request handler started", "timestamp": "2025-02-14T23:20:51.174580Z", "level": "info"}
{"asctime": "2025-02-14 23:21:37,003", "levelname": "INFO", "name": "agent_ai.fastapi.fastapi", "message": "", "event": "Shutting down server...", "timestamp": "2025-02-14T23:21:37.003930Z", "level": "info"}
{"asctime": "2025-02-14 23:21:37,004", "levelname": "INFO", "name": "agent_ai.zmq.zmq", "message": "", "event": "ZMQ asyncio context initialized successfully", "timestamp": "2025-02-14T23:21:37.004496Z", "level": "info"}
{"asctime": "2025-02-14 23:21:37,004", "levelname": "INFO", "name": "agent_ai.zmq.zmq", "message": "", "event": "Starting ZMQ cleanup", "timestamp": "2025-02-14T23:21:37.004795Z", "level": "info"}
{"asctime": "2025-02-14 23:21:37,005", "levelname": "INFO", "name": "agent_ai.zmq.zmq", "message": "", "event": "ZMQ cleanup completed successfully", "timestamp": "2025-02-14T23:21:37.005056Z", "level": "info"}
{"asctime": "2025-02-14 23:21:46,450", "levelname": "INFO", "name": "agent_ai.fastapi.fastapi", "message": "", "phase": "startup_begin", "event": "initializing_server", "timestamp": "2025-02-14T23:21:46.450271Z", "level": "info"}
{"asctime": "2025-02-14 23:21:46,451", "levelname": "INFO", "name": "agent_ai.fastapi.fastapi", "message": "", "event": "loading_tensorflow", "timestamp": "2025-02-14T23:21:46.450984Z", "level": "info"}
{"asctime": "2025-02-14 23:21:48,255", "levelname": "INFO", "name": "agent_ai.fastapi.fastapi", "message": "", "event": "TensorFlow model loaded successfully", "timestamp": "2025-02-14T23:21:48.255768Z", "level": "info"}
{"asctime": "2025-02-14 23:21:48,256", "levelname": "INFO", "name": "agent_ai.fastapi.fastapi", "message": "", "event": "initializing_zmq", "timestamp": "2025-02-14T23:21:48.256220Z", "level": "info"}
{"asctime": "2025-02-14 23:21:48,259", "levelname": "INFO", "name": "agent_ai.fastapi.fastapi", "message": "", "status": "ready", "tensorflow": "loaded", "zmq": "connected", "event": "server_startup_complete", "timestamp": "2025-02-14T23:21:48.259808Z", "level": "info"}
{"asctime": "2025-02-14 23:21:48,260", "levelname": "INFO", "name": "agent_ai.fastapi.fastapi", "message": "", "event": "ZMQ request handler started", "timestamp": "2025-02-14T23:21:48.260578Z", "level": "info"}
{"asctime": "2025-02-14 23:21:57,562", "levelname": "INFO", "name": "agent_ai.fastapi.fastapi", "message": "", "phase": "startup_begin", "event": "initializing_server", "timestamp": "2025-02-14T23:21:57.562118Z", "level": "info"}
{"asctime": "2025-02-14 23:21:57,562", "levelname": "INFO", "name": "agent_ai.fastapi.fastapi", "message": "", "event": "loading_tensorflow", "timestamp": "2025-02-14T23:21:57.562548Z", "level": "info"}
{"asctime": "2025-02-14 23:21:58,971", "levelname": "INFO", "name": "agent_ai.fastapi.fastapi", "message": "", "event": "TensorFlow model loaded successfully", "timestamp": "2025-02-14T23:21:58.971879Z", "level": "info"}
{"asctime": "2025-02-14 23:21:58,972", "levelname": "INFO", "name": "agent_ai.fastapi.fastapi", "message": "", "event": "initializing_zmq", "timestamp": "2025-02-14T23:21:58.972308Z", "level": "info"}
{"asctime": "2025-02-14 23:21:58,975", "levelname": "INFO", "name": "agent_ai.fastapi.fastapi", "message": "", "status": "ready", "tensorflow": "loaded", "zmq": "connected", "event": "server_startup_complete", "timestamp": "2025-02-14T23:21:58.974485Z", "level": "info"}
{"asctime": "2025-02-14 23:21:58,975", "levelname": "INFO", "name": "agent_ai.fastapi.fastapi", "message": "", "event": "ZMQ request handler started", "timestamp": "2025-02-14T23:21:58.975677Z", "level": "info"}
{"phase": "startup_begin", "event": "initializing_server", "level": "info", "timestamp": "2025-02-14 23:44:19", "logger": "agent_ai.fastapi.fastapi"}
{"event": "loading_tensorflow", "level": "info", "timestamp": "2025-02-14 23:44:19", "logger": "agent_ai.fastapi.fastapi"}
{"event": "TensorFlow model loaded successfully", "level": "info", "timestamp": "2025-02-14 23:44:21", "logger": "agent_ai.fastapi.fastapi"}
{"event": "initializing_zmq", "level": "info", "timestamp": "2025-02-14 23:44:21", "logger": "agent_ai.fastapi.fastapi"}
{"event": "ZMQ asyncio context initialized successfully", "level": "info", "timestamp": "2025-02-14 23:44:21", "logger": "agent_ai.zmq.zmq"}
{"status": "ready", "event": "server_startup_complete", "level": "info", "timestamp": "2025-02-14 23:44:21", "logger": "agent_ai.fastapi.fastapi"}
{"phase": "startup_begin", "event": "initializing_server", "level": "info", "timestamp": "2025-02-14 23:44:30", "logger": "agent_ai.fastapi.fastapi"}
{"event": "loading_tensorflow", "level": "info", "timestamp": "2025-02-14 23:44:30", "logger": "agent_ai.fastapi.fastapi"}
{"event": "TensorFlow model loaded successfully", "level": "info", "timestamp": "2025-02-14 23:44:31", "logger": "agent_ai.fastapi.fastapi"}
{"event": "initializing_zmq", "level": "info", "timestamp": "2025-02-14 23:44:31", "logger": "agent_ai.fastapi.fastapi"}
{"event": "ZMQ asyncio context initialized successfully", "level": "info", "timestamp": "2025-02-14 23:44:31", "logger": "agent_ai.zmq.zmq"}
{"status": "ready", "event": "server_startup_complete", "level": "info", "timestamp": "2025-02-14 23:44:31", "logger": "agent_ai.fastapi.fastapi"}
{"event": "server_shutdown_begin", "level": "info", "timestamp": "2025-02-14 23:49:25", "logger": "agent_ai.fastapi.fastapi"}
{"event": "Starting ZMQ cleanup", "level": "info", "timestamp": "2025-02-14 23:49:25", "logger": "agent_ai.zmq.zmq"}
{"event": "ZMQ cleanup completed successfully", "level": "info", "timestamp": "2025-02-14 23:49:25", "logger": "agent_ai.zmq.zmq"}
{"event": "server_shutdown_complete", "level": "info", "timestamp": "2025-02-14 23:49:25", "logger": "agent_ai.fastapi.fastapi"}
{"phase": "startup_begin", "event": "initializing_server", "level": "info", "timestamp": "2025-02-14 23:49:37", "logger": "agent_ai.fastapi.fastapi"}
{"event": "loading_tensorflow", "level": "info", "timestamp": "2025-02-14 23:49:37", "logger": "agent_ai.fastapi.fastapi"}
{"event": "TensorFlow model loaded successfully", "level": "info", "timestamp": "2025-02-14 23:49:39", "logger": "agent_ai.fastapi.fastapi"}
{"event": "initializing_zmq", "level": "info", "timestamp": "2025-02-14 23:49:39", "logger": "agent_ai.fastapi.fastapi"}
{"event": "ZMQ asyncio context initialized successfully", "level": "info", "timestamp": "2025-02-14 23:49:39", "logger": "agent_ai.zmq.zmq"}
{"status": "ready", "event": "server_startup_complete", "level": "info", "timestamp": "2025-02-14 23:49:39", "logger": "agent_ai.fastapi.fastapi"}
{"phase": "startup_begin", "event": "initializing_server", "level": "info", "timestamp": "2025-02-14 23:49:48", "logger": "agent_ai.fastapi.fastapi"}
{"event": "loading_tensorflow", "level": "info", "timestamp": "2025-02-14 23:49:48", "logger": "agent_ai.fastapi.fastapi"}
{"event": "TensorFlow model loaded successfully", "level": "info", "timestamp": "2025-02-14 23:49:50", "logger": "agent_ai.fastapi.fastapi"}
{"event": "initializing_zmq", "level": "info", "timestamp": "2025-02-14 23:49:50", "logger": "agent_ai.fastapi.fastapi"}
{"event": "ZMQ asyncio context initialized successfully", "level": "info", "timestamp": "2025-02-14 23:49:50", "logger": "agent_ai.zmq.zmq"}
{"status": "ready", "event": "server_startup_complete", "level": "info", "timestamp": "2025-02-14 23:49:50", "logger": "agent_ai.fastapi.fastapi"}
{"phase": "startup_begin", "event": "initializing_server", "level": "info", "timestamp": "2025-02-14 23:49:59", "logger": "agent_ai.fastapi.fastapi"}
{"event": "loading_tensorflow", "level": "info", "timestamp": "2025-02-14 23:49:59", "logger": "agent_ai.fastapi.fastapi"}
{"event": "TensorFlow model loaded successfully", "level": "info", "timestamp": "2025-02-14 23:50:01", "logger": "agent_ai.fastapi.fastapi"}
{"event": "initializing_zmq", "level": "info", "timestamp": "2025-02-14 23:50:01", "logger": "agent_ai.fastapi.fastapi"}
{"event": "ZMQ asyncio context initialized successfully", "level": "info", "timestamp": "2025-02-14 23:50:01", "logger": "agent_ai.zmq.zmq"}
{"status": "ready", "event": "server_startup_complete", "level": "info", "timestamp": "2025-02-14 23:50:01", "logger": "agent_ai.fastapi.fastapi"}
{"phase": "startup_begin", "event": "initializing_server", "level": "info", "timestamp": "2025-02-14 23:50:10", "logger": "agent_ai.fastapi.fastapi"}
{"event": "loading_tensorflow", "level": "info", "timestamp": "2025-02-14 23:50:10", "logger": "agent_ai.fastapi.fastapi"}
{"event": "TensorFlow model loaded successfully", "level": "info", "timestamp": "2025-02-14 23:50:12", "logger": "agent_ai.fastapi.fastapi"}
{"event": "initializing_zmq", "level": "info", "timestamp": "2025-02-14 23:50:12", "logger": "agent_ai.fastapi.fastapi"}
{"event": "ZMQ asyncio context initialized successfully", "level": "info", "timestamp": "2025-02-14 23:50:12", "logger": "agent_ai.zmq.zmq"}
{"status": "ready", "event": "server_startup_complete", "level": "info", "timestamp": "2025-02-14 23:50:12", "logger": "agent_ai.fastapi.fastapi"}
{"event": "server_shutdown_begin", "level": "info", "timestamp": "2025-02-14 23:50:49", "logger": "agent_ai.fastapi.fastapi"}
{"event": "Starting ZMQ cleanup", "level": "info", "timestamp": "2025-02-14 23:50:49", "logger": "agent_ai.zmq.zmq"}
{"event": "ZMQ cleanup completed successfully", "level": "info", "timestamp": "2025-02-14 23:50:49", "logger": "agent_ai.zmq.zmq"}
{"event": "server_shutdown_complete", "level": "info", "timestamp": "2025-02-14 23:50:49", "logger": "agent_ai.fastapi.fastapi"}
{"phase": "startup_begin", "event": "initializing_server", "level": "info", "timestamp": "2025-02-14 23:51:12", "logger": "agent_ai.fastapi.fastapi"}
{"event": "loading_tensorflow", "level": "info", "timestamp": "2025-02-14 23:51:12", "logger": "agent_ai.fastapi.fastapi"}
{"event": "TensorFlow model loaded successfully", "level": "info", "timestamp": "2025-02-14 23:51:14", "logger": "agent_ai.fastapi.fastapi"}
{"event": "initializing_zmq", "level": "info", "timestamp": "2025-02-14 23:51:14", "logger": "agent_ai.fastapi.fastapi"}
{"event": "ZMQ asyncio context initialized successfully", "level": "info", "timestamp": "2025-02-14 23:51:14", "logger": "agent_ai.zmq.zmq"}
{"status": "ready", "event": "server_startup_complete", "level": "info", "timestamp": "2025-02-14 23:51:14", "logger": "agent_ai.fastapi.fastapi"}
{"event": "server_shutdown_begin", "level": "info", "timestamp": "2025-02-14 23:57:22", "logger": "agent_ai.fastapi.fastapi"}
{"event": "Starting ZMQ cleanup", "level": "info", "timestamp": "2025-02-14 23:57:22", "logger": "agent_ai.zmq.zmq"}
{"event": "ZMQ cleanup completed successfully", "level": "info", "timestamp": "2025-02-14 23:57:22", "logger": "agent_ai.zmq.zmq"}
{"event": "server_shutdown_complete", "level": "info", "timestamp": "2025-02-14 23:57:22", "logger": "agent_ai.fastapi.fastapi"}
{"phase": "startup_begin", "event": "initializing_server", "level": "info", "timestamp": "2025-02-14 23:57:31", "logger": "agent_ai.fastapi.fastapi"}
{"event": "loading_tensorflow", "level": "info", "timestamp": "2025-02-14 23:57:31", "logger": "agent_ai.fastapi.fastapi"}
{"event": "TensorFlow model loaded successfully", "level": "info", "timestamp": "2025-02-14 23:57:33", "logger": "agent_ai.fastapi.fastapi"}
{"event": "initializing_zmq", "level": "info", "timestamp": "2025-02-14 23:57:33", "logger": "agent_ai.fastapi.fastapi"}
{"event": "ZMQ asyncio context initialized successfully", "level": "info", "timestamp": "2025-02-14 23:57:33", "logger": "agent_ai.zmq.zmq"}
{"status": "ready", "event": "server_startup_complete", "level": "info", "timestamp": "2025-02-14 23:57:33", "logger": "agent_ai.fastapi.fastapi"}
{"event": "server_shutdown_begin", "level": "info", "timestamp": "2025-02-15 00:08:37", "logger": "agent_ai.fastapi.fastapi"}
{"event": "Starting ZMQ cleanup", "level": "info", "timestamp": "2025-02-15 00:08:37", "logger": "agent_ai.zmq.zmq"}
{"event": "ZMQ cleanup completed successfully", "level": "info", "timestamp": "2025-02-15 00:08:37", "logger": "agent_ai.zmq.zmq"}
{"event": "server_shutdown_complete", "level": "info", "timestamp": "2025-02-15 00:08:37", "logger": "agent_ai.fastapi.fastapi"}
{"phase": "startup_begin", "event": "initializing_server", "level": "info", "timestamp": "2025-02-15 00:08:48", "logger": "agent_ai.fastapi.fastapi"}
{"event": "loading_tensorflow", "level": "info", "timestamp": "2025-02-15 00:08:48", "logger": "agent_ai.fastapi.fastapi"}
{"event": "TensorFlow model loaded successfully", "level": "info", "timestamp": "2025-02-15 00:08:51", "logger": "agent_ai.fastapi.fastapi"}
{"event": "initializing_zmq", "level": "info", "timestamp": "2025-02-15 00:08:51", "logger": "agent_ai.fastapi.fastapi"}
{"event": "ZMQ asyncio context initialized successfully", "level": "info", "timestamp": "2025-02-15 00:08:51", "logger": "agent_ai.zmq.zmq"}
{"status": "ready", "event": "server_startup_complete", "level": "info", "timestamp": "2025-02-15 00:08:51", "logger": "agent_ai.fastapi.fastapi"}
{"event": "server_shutdown_begin", "level": "info", "timestamp": "2025-02-15 00:09:32", "logger": "agent_ai.fastapi.fastapi"}
{"event": "Starting ZMQ cleanup", "level": "info", "timestamp": "2025-02-15 00:09:32", "logger": "agent_ai.zmq.zmq"}
{"event": "ZMQ cleanup completed successfully", "level": "info", "timestamp": "2025-02-15 00:09:32", "logger": "agent_ai.zmq.zmq"}
{"event": "server_shutdown_complete", "level": "info", "timestamp": "2025-02-15 00:09:32", "logger": "agent_ai.fastapi.fastapi"}
{"phase": "startup_begin", "event": "initializing_server", "level": "info", "timestamp": "2025-02-15 00:15:15", "logger": "agent_ai.fastapi.fastapi"}
{"event": "loading_tensorflow", "level": "info", "timestamp": "2025-02-15 00:15:15", "logger": "agent_ai.fastapi.fastapi"}
{"event": "TensorFlow model loaded successfully", "level": "info", "timestamp": "2025-02-15 00:15:16", "logger": "agent_ai.fastapi.fastapi"}
{"event": "initializing_zmq", "level": "info", "timestamp": "2025-02-15 00:15:16", "logger": "agent_ai.fastapi.fastapi"}
{"event": "ZMQ asyncio context initialized successfully", "level": "info", "timestamp": "2025-02-15 00:15:16", "logger": "agent_ai.zmq.zmq"}
{"status": "ready", "event": "server_startup_complete", "level": "info", "timestamp": "2025-02-15 00:15:16", "logger": "agent_ai.fastapi.fastapi"}
{"event": "server_shutdown_begin", "level": "info", "timestamp": "2025-02-15 00:44:39", "logger": "agent_ai.fastapi.fastapi"}
{"event": "Starting ZMQ cleanup", "level": "info", "timestamp": "2025-02-15 00:44:39", "logger": "agent_ai.zmq.zmq"}
{"event": "ZMQ cleanup completed successfully", "level": "info", "timestamp": "2025-02-15 00:44:39", "logger": "agent_ai.zmq.zmq"}
{"event": "server_shutdown_complete", "level": "info", "timestamp": "2025-02-15 00:44:39", "logger": "agent_ai.fastapi.fastapi"}
{"phase": "startup_begin", "event": "initializing_server", "level": "info", "timestamp": "2025-02-15 00:45:01", "logger": "agent_ai.fastapi.fastapi"}
{"event": "loading_tensorflow", "level": "info", "timestamp": "2025-02-15 00:45:01", "logger": "agent_ai.fastapi.fastapi"}
{"event": "TensorFlow model loaded successfully", "level": "info", "timestamp": "2025-02-15 00:45:02", "logger": "agent_ai.fastapi.fastapi"}
{"event": "initializing_zmq", "level": "info", "timestamp": "2025-02-15 00:45:02", "logger": "agent_ai.fastapi.fastapi"}
{"event": "ZMQ asyncio context initialized successfully", "level": "info", "timestamp": "2025-02-15 00:45:02", "logger": "agent_ai.zmq.zmq"}
{"status": "ready", "event": "server_startup_complete", "level": "info", "timestamp": "2025-02-15 00:45:02", "logger": "agent_ai.fastapi.fastapi"}
{"event": "server_shutdown_begin", "level": "info", "timestamp": "2025-02-15 00:48:07", "logger": "agent_ai.fastapi.fastapi"}
{"event": "Starting ZMQ cleanup", "level": "info", "timestamp": "2025-02-15 00:48:07", "logger": "agent_ai.zmq.zmq"}
{"event": "ZMQ cleanup completed successfully", "level": "info", "timestamp": "2025-02-15 00:48:07", "logger": "agent_ai.zmq.zmq"}
{"event": "server_shutdown_complete", "level": "info", "timestamp": "2025-02-15 00:48:07", "logger": "agent_ai.fastapi.fastapi"}
{"phase": "startup_begin", "event": "initializing_server", "level": "info", "timestamp": "2025-02-15 00:48:16", "logger": "agent_ai.fastapi.fastapi"}
{"event": "loading_tensorflow", "level": "info", "timestamp": "2025-02-15 00:48:16", "logger": "agent_ai.fastapi.fastapi"}
{"event": "TensorFlow model loaded successfully", "level": "info", "timestamp": "2025-02-15 00:48:18", "logger": "agent_ai.fastapi.fastapi"}
{"event": "initializing_zmq", "level": "info", "timestamp": "2025-02-15 00:48:18", "logger": "agent_ai.fastapi.fastapi"}
{"event": "ZMQ asyncio context initialized successfully", "level": "info", "timestamp": "2025-02-15 00:48:18", "logger": "agent_ai.zmq.zmq"}
{"status": "ready", "event": "server_startup_complete", "level": "info", "timestamp": "2025-02-15 00:48:18", "logger": "agent_ai.fastapi.fastapi"}
{"event": "server_shutdown_begin", "level": "info", "timestamp": "2025-02-15 02:06:11", "logger": "agent_ai.fastapi.fastapi"}
{"event": "Starting ZMQ cleanup", "level": "info", "timestamp": "2025-02-15 02:06:11", "logger": "agent_ai.zmq.zmq"}
{"event": "ZMQ cleanup completed successfully", "level": "info", "timestamp": "2025-02-15 02:06:11", "logger": "agent_ai.zmq.zmq"}
{"event": "server_shutdown_complete", "level": "info", "timestamp": "2025-02-15 02:06:11", "logger": "agent_ai.fastapi.fastapi"}
{"phase": "startup_begin", "event": "initializing_server", "level": "info", "timestamp": "2025-02-15 03:00:25", "logger": "agent_ai.fastapi.fastapi"}
{"event": "loading_tensorflow", "level": "info", "timestamp": "2025-02-15 03:00:25", "logger": "agent_ai.fastapi.fastapi"}
{"event": "TensorFlow model loaded successfully", "level": "info", "timestamp": "2025-02-15 03:00:27", "logger": "agent_ai.fastapi.fastapi"}
{"event": "initializing_zmq", "level": "info", "timestamp": "2025-02-15 03:00:27", "logger": "agent_ai.fastapi.fastapi"}
{"event": "ZMQ asyncio context initialized successfully", "level": "info", "timestamp": "2025-02-15 03:00:27", "logger": "agent_ai.zmq.zmq"}
{"status": "ready", "event": "server_startup_complete", "level": "info", "timestamp": "2025-02-15 03:00:27", "logger": "agent_ai.fastapi.fastapi"}
{"event": "server_shutdown_begin", "level": "info", "timestamp": "2025-02-15 05:07:06", "logger": "agent_ai.fastapi.fastapi"}
{"event": "Starting ZMQ cleanup", "level": "info", "timestamp": "2025-02-15 05:07:06", "logger": "agent_ai.zmq.zmq"}
{"event": "ZMQ cleanup completed successfully", "level": "info", "timestamp": "2025-02-15 05:07:06", "logger": "agent_ai.zmq.zmq"}
{"event": "server_shutdown_complete", "level": "info", "timestamp": "2025-02-15 05:07:06", "logger": "agent_ai.fastapi.fastapi"}
